{"Header":{"Type":"TXN","Ver":"2.0"},"Instruction":{"Header":{"Time":"2016-02-15T14:53:31.980+0500","Tid":418184,"Fid":54625,"Uid":130,"Sid":1500000112066,"User":"ID:FinancialTransactionService/SERVICE","RealUser":"ID:FinancialTransactionService/SERVICE","Records":2,"Context":"internal"}},"Status":{"Code":"COMMITTED"}}
{"Header":{"Type":"TXN","Ver":"2.0"},"Instruction":{"Header":{"Time":"2016-02-15T14:53:42.276+0500","Tid":418185,"Fid":54626,"Uid":131,"Sid":1500000112280,"User":"ID:60071/MM","RealUser":"ID:60071/MM","Context":"http-merchport02"}},"Status":{"Code":"CREATED"}}
{"Header":{"Type":"TXN","Ver":"2.0"},"Instruction":{"Header":{"Time":"2016-02-15T14:53:42.332+0500","Tid":418186,"Fid":54626,"Uid":132,"Sid":1500000112066,"User":"ID:FinancialTransactionService/SERVICE","RealUser":"ID:FinancialTransactionService/SERVICE","Records":2,"Context":"internal"}},"Status":{"Code":"COMMITTED"}}
{"Header":{"Type":"TXN","Ver":"2.0"},"Instruction":{"Header":{"Time":"2016-02-15T14:53:50.191+0500","Tid":418189,"Fid":54627,"Uid":133,"Sid":1500000112281,"User":"ID:60071/MM","RealUser":"ID:60071/MM","Context":"http-merchport02"}},"Status":{"Code":"CREATED"}}
{"Header":{"Type":"TXN","Ver":"2.0"},"Instruction":{"Header":{"Time":"2016-02-15T14:53:50.294+0500","Tid":418190,"Fid":54627,"Uid":134,"Sid":1500000112066,"User":"ID:FinancialTransactionService/SERVICE","RealUser":"ID:FinancialTransactionService/SERVICE","Records":2,"Context":"internal"}},"Status":{"Code":"COMMITTED"}}
{"Header":{"Type":"TXN","Ver":"2.0"},"Instruction":{"Header":{"Time":"2016-02-15T14:54:53.391+0500","Tid":418198,"Fid":54628,"Uid":135,"Sid":1500000112286,"User":"ID:60071/MM","RealUser":"ID:60071/MM","Context":"http-merchport02"}},"Status":{"Code":"CREATED"}}
{"Header":{"Type":"TXN","Ver":"2.0"},"Instruction":{"Header":{"Time":"2016-02-15T14:54:53.419+0500","Tid":418199,"Fid":54628,"Uid":136,"Sid":1500000112066,"User":"ID:FinancialTransactionService/SERVICE","RealUser":"ID:FinancialTransactionService/SERVICE","Records":2,"Context":"internal"}},"Status":{"Code":"COMMITTED"}}
{"Header":{"Type":"TXN","Ver":"2.0"},"Instruction":{"Header":{"Time":"2016-02-15T14:56:28.638+0500","Tid":418214,"Fid":54629,"Uid":137,"Sid":1500000112287,"User":"ID:60071/MM","RealUser":"ID:60071/MM","Context":"http-merchport02"}},"Status":{"Code":"CREATED"}}
{"Header":{"Type":"TXN","Ver":"2.0"},"Instruction":{"Header":{"Time":"2016-02-15T14:56:28.664+0500","Tid":418215,"Fid":54629,"Uid":138,"Sid":1500000112066,"User":"ID:FinancialTransactionService/SERVICE","RealUser":"ID:FinancialTransactionService/SERVICE","Records":2,"Context":"internal"}},"Status":{"Code":"COMMITTED"}}
{"Header":{"Type":"TXN","Ver":"2.0"},"Instruction":{"Header":{"Time":"2016-02-15T14:56:36.392+0500","Tid":418218,"Fid":54630,"Uid":139,"Sid":1500000112288,"User":"ID:60071/MM","RealUser":"ID:60071/MM","Context":"http-merchport02"}},"Status":{"Code":"CREATED"}}
{"Header":{"Type":"TXN","Ver":"2.0"},"Instruction":{"Header":{"Time":"2016-02-15T14:56:36.413+0500","Tid":418219,"Fid":54630,"Uid":140,"Sid":1500000112066,"User":"ID:FinancialTransactionService/SERVICE","RealUser":"ID:FinancialTransactionService/SERVICE","Records":2,"Context":"internal"}},"Status":{"Code":"COMMITTED"}}
{"Header":{"Type":"TXN","Ver":"2.0"},"Instruction":{"Header":{"Time":"2016-02-15T14:56:51.633+0500","Tid":418220,"Fid":54631,"Uid":141,"Sid":1500000112288,"User":"ID:60071/MM","RealUser":"ID:60071/MM","Context":"http-merchport02"}},"Status":{"Code":"CREATED"}}
{"Header":{"Type":"TXN","Ver":"2.0"},"Instruction":{"Header":{"Time":"2016-02-15T14:56:51.697+0500","Tid":418221,"Fid":54631,"Uid":142,"Sid":1500000112066,"User":"ID:FinancialTransactionService/SERVICE","RealUser":"ID:FinancialTransactionService/SERVICE","Records":2,"Context":"internal"}},"Status":{"Code":"COMMITTED"}}
{"Header":{"Type":"TXN","Ver":"2.0"},"Instruction":{"Header":{"Time":"2016-02-15T14:56:59.834+0500","Tid":418224,"Fid":54632,"Uid":143,"Sid":1500000112290,"User":"ID:60148/MM","RealUser":"ID:60148/MM","Context":"http-merchport02"}},"Status":{"Code":"CREATED"}}
{"Header":{"Type":"TXN","Ver":"2.0"},"Instruction":{"Header":{"Time":"2016-02-15T14:56:59.853+0500","Tid":418225,"Fid":54632,"Uid":144,"Sid":1500000112066,"User":"ID:FinancialTransactionService/SERVICE","RealUser":"ID:FinancialTransactionService/SERVICE","Records":2,"Context":"internal"}},"Status":{"Code":"COMMITTED"}}
{"Header":{"Type":"TXN","Ver":"2.0"},"Instruction":{"Header":{"Time":"2016-02-15T14:57:53.183+0500","Tid":418228,"Fid":54633,"Uid":145,"Sid":1500000112290,"User":"ID:60148/MM","RealUser":"ID:60148/MM","Context":"http-merchport02"}},"Status":{"Code":"CREATED"}}
{"Header":{"Type":"QUOTE","Ver":"2.0"},"Instruction":{"Header":{"Type":"CREATE_CASH_VOUCHER","Time":"2016-02-15T14:57:53.183+0500","Tid":418228,"Fid":54633,"Uid":146,"Sid":1500000112290,"User":"ID:60148/MM","RealUser":"ID:60148/MM","Context":"http-merchport02"},"Amount":1.00,"Cc":"PKR","From":{"Fri":"FRI:1050096/MM","OffNet":false,"Message":""},"To":{"Fri":"FRI:/CASHVOUCHER","OffNet":false}},"Status":{"Code":"FAILED","Msg":"AUTHORIZATION_SENDER_ACCOUNT_NOT_ACTIVE Authorization failed. Sending account not active"}}
{"Header":{"Type":"TXN","Ver":"2.0"},"Instruction":{"Header":{"Time":"2016-02-15T15:00:24.305+0500","Tid":418239,"Fid":54634,"Uid":147,"Sid":1500000112296,"User":"ID:60071/MM","RealUser":"ID:60071/MM","Context":"http-merchport02"}},"Status":{"Code":"CREATED"}}
{"Header":{"Type":"TXN","Ver":"2.0"},"Instruction":{"Header":{"Time":"2016-02-15T15:00:24.326+0500","Tid":418240,"Fid":54634,"Uid":148,"Sid":1500000112066,"User":"ID:FinancialTransactionService/SERVICE","RealUser":"ID:FinancialTransactionService/SERVICE","Records":2,"Context":"internal"}},"Status":{"Code":"COMMITTED"}}
{"Header":{"Type":"TXN","Ver":"2.0"},"Instruction":{"Header":{"Time":"2016-02-15T15:00:48.366+0500","Tid":418247,"Fid":54635,"Uid":149,"Sid":1500000112297,"User":"ID:60071/MM","RealUser":"ID:60071/MM","Context":"http-merchport02"}},"Status":{"Code":"CREATED"}}
{"Header":{"Type":"TXN","Ver":"2.0"},"Instruction":{"Header":{"Time":"2016-02-15T15:00:48.388+0500","Tid":418248,"Fid":54635,"Uid":150,"Sid":1500000112066,"User":"ID:FinancialTransactionService/SERVICE","RealUser":"ID:FinancialTransactionService/SERVICE","Records":2,"Context":"internal"}},"Status":{"Code":"COMMITTED"}}
{"Header":{"Type":"TXN","Ver":"2.0"},"Instruction":{"Header":{"Time":"2016-02-15T15:02:18.111+0500","Tid":418261,"Fid":54636,"Uid":151,"Sid":1500000112298,"User":"ID:60071/MM","RealUser":"ID:60071/MM","Context":"http-merchport02"}},"Status":{"Code":"CREATED"}}
{"Header":{"Type":"TXN","Ver":"2.0"},"Instruction":{"Header":{"Time":"2016-02-15T15:02:18.143+0500","Tid":418262,"Fid":54636,"Uid":152,"Sid":1500000112066,"User":"ID:FinancialTransactionService/SERVICE","RealUser":"ID:FinancialTransactionService/SERVICE","Records":2,"Context":"internal"}},"Status":{"Code":"COMMITTED"}}
{"Header":{"Type":"TXN","Ver":"2.0"},"Instruction":{"Header":{"Time":"2016-02-15T15:02:36.295+0500","Tid":418267,"Fid":54637,"Uid":153,"Sid":1500000112302,"User":"ID:60071/MM","RealUser":"ID:60071/MM","Context":"http-merchport02"}},"Status":{"Code":"CREATED"}}
{"Header":{"Type":"TXN","Ver":"2.0"},"Instruction":{"Header":{"Time":"2016-02-15T15:02:36.317+0500","Tid":418268,"Fid":54637,"Uid":154,"Sid":1500000112066,"User":"ID:FinancialTransactionService/SERVICE","RealUser":"ID:FinancialTransactionService/SERVICE","Records":2,"Context":"internal"}},"Status":{"Code":"COMMITTED"}}
{"Header":{"Type":"TXN","Ver":"2.0"},"Instruction":{"Header":{"Time":"2016-02-15T15:03:02.266+0500","Tid":418272,"Fid":54638,"Uid":155,"Sid":1500000112303,"User":"ID:60071/MM","RealUser":"ID:60071/MM","Context":"http-merchport02"}},"Status":{"Code":"CREATED"}}
{"Header":{"Type":"TXN","Ver":"2.0"},"Instruction":{"Header":{"Time":"2016-02-15T15:03:02.290+0500","Tid":418273,"Fid":54638,"Uid":156,"Sid":1500000112066,"User":"ID:FinancialTransactionService/SERVICE","RealUser":"ID:FinancialTransactionService/SERVICE","Records":2,"Context":"internal"}},"Status":{"Code":"COMMITTED"}}
{"Header":{"Type":"TXN","Ver":"2.0"},"Instruction":{"Header":{"Time":"2016-02-15T15:03:18.615+0500","Tid":418295,"Fid":54639,"Uid":157,"Sid":1500000112303,"User":"ID:60071/MM","RealUser":"ID:60071/MM","Context":"http-merchport02"}},"Status":{"Code":"CREATED"}}
{"Header":{"Type":"TXN","Ver":"2.0"},"Instruction":{"Header":{"Time":"2016-02-15T15:03:18.677+0500","Tid":418296,"Fid":54639,"Uid":158,"Sid":1500000112066,"User":"ID:FinancialTransactionService/SERVICE","RealUser":"ID:FinancialTransactionService/SERVICE","Records":2,"Context":"internal"}},"Status":{"Code":"COMMITTED"}}
{"Header":{"Type":"TXN","Ver":"2.0"},"Instruction":{"Header":{"Time":"2016-02-15T15:03:29.277+0500","Tid":418314,"Fid":54633,"Uid":159,"Sid":1500000112066,"User":"ID:FinancialTransactionService/SERVICE","RealUser":"ID:FinancialTransactionService/SERVICE","Records":3,"Context":"internal"}},"Status":{"Code":"TIMEDOUT"}}
{"Header":{"Type":"TXN","Ver":"2.0"},"Instruction":{"Header":{"Time":"2016-02-15T15:03:48.296+0500","Tid":418318,"Fid":54640,"Uid":160,"Sid":1500000112305,"User":"ID:60071/MM","RealUser":"ID:60071/MM","Context":"http-merchport02"}},"Status":{"Code":"CREATED"}}
{"Header":{"Type":"TXN","Ver":"2.0"},"Instruction":{"Header":{"Time":"2016-02-15T15:03:48.316+0500","Tid":418319,"Fid":54640,"Uid":161,"Sid":1500000112066,"User":"ID:FinancialTransactionService/SERVICE","RealUser":"ID:FinancialTransactionService/SERVICE","Records":2,"Context":"internal"}},"Status":{"Code":"COMMITTED"}}
{"Header":{"Type":"TXN","Ver":"2.0"},"Instruction":{"Header":{"Time":"2016-02-15T15:03:59.174+0500","Tid":418323,"Fid":54641,"Uid":162,"Sid":1500000112306,"User":"ID:60071/MM","RealUser":"ID:60071/MM","Context":"http-merchport02"}},"Status":{"Code":"CREATED"}}
{"Header":{"Type":"TXN","Ver":"2.0"},"Instruction":{"Header":{"Time":"2016-02-15T15:03:59.196+0500","Tid":418324,"Fid":54641,"Uid":163,"Sid":1500000112066,"User":"ID:FinancialTransactionService/SERVICE","RealUser":"ID:FinancialTransactionService/SERVICE","Records":2,"Context":"internal"}},"Status":{"Code":"COMMITTED"}}
{"Header":{"Type":"TXN","Ver":"2.0"},"Instruction":{"Header":{"Time":"2016-02-15T15:04:10.789+0500","Tid":418335,"Fid":54642,"Uid":164,"Sid":1500000112309,"User":"ID:60071/MM","RealUser":"ID:60071/MM","Context":"http-merchport02"}},"Status":{"Code":"CREATED"}}
{"Header":{"Type":"TXN","Ver":"2.0"},"Instruction":{"Header":{"Time":"2016-02-15T15:04:10.810+0500","Tid":418336,"Fid":54642,"Uid":165,"Sid":1500000112066,"User":"ID:FinancialTransactionService/SERVICE","RealUser":"ID:FinancialTransactionService/SERVICE","Records":2,"Context":"internal"}},"Status":{"Code":"COMMITTED"}}
{"Header":{"Type":"TXN","Ver":"2.0"},"Instruction":{"Header":{"Time":"2016-02-15T15:04:18.315+0500","Tid":418339,"Fid":54643,"Uid":166,"Sid":1500000112309,"User":"ID:60071/MM","RealUser":"ID:60071/MM","Context":"http-merchport02"}},"Status":{"Code":"CREATED"}}
{"Header":{"Type":"TXN","Ver":"2.0"},"Instruction":{"Header":{"Time":"2016-02-15T15:04:18.385+0500","Tid":418340,"Fid":54643,"Uid":167,"Sid":1500000112066,"User":"ID:FinancialTransactionService/SERVICE","RealUser":"ID:FinancialTransactionService/SERVICE","Records":2,"Context":"internal"}},"Status":{"Code":"COMMITTED"}}
{"Header":{"Type":"TXN","Ver":"2.0"},"Instruction":{"Header":{"Time":"2016-02-15T15:04:50.056+0500","Tid":418383,"Fid":54644,"Uid":168,"Sid":1500000112309,"User":"ID:60071/MM","RealUser":"ID:60071/MM","Context":"http-merchport02"}},"Status":{"Code":"CREATED"}}
{"Header":{"Type":"TXN","Ver":"2.0"},"Instruction":{"Header":{"Time":"2016-02-15T15:04:50.123+0500","Tid":418384,"Fid":54644,"Uid":169,"Sid":1500000112066,"User":"ID:FinancialTransactionService/SERVICE","RealUser":"ID:FinancialTransactionService/SERVICE","Records":2,"Context":"internal"}},"Status":{"Code":"COMMITTED"}}
{"Header":{"Type":"TXN","Ver":"2.0"},"Instruction":{"Header":{"Time":"2016-02-15T15:04:58.016+0500","Tid":418405,"Fid":54645,"Uid":170,"Sid":1500000112313,"User":"ID:60071/MM","RealUser":"ID:60071/MM","Context":"http-merchport02"}},"Status":{"Code":"CREATED"}}
{"Header":{"Type":"TXN","Ver":"2.0"},"Instruction":{"Header":{"Time":"2016-02-15T15:04:58.037+0500","Tid":418406,"Fid":54645,"Uid":171,"Sid":1500000112066,"User":"ID:FinancialTransactionService/SERVICE","RealUser":"ID:FinancialTransactionService/SERVICE","Records":2,"Context":"internal"}},"Status":{"Code":"COMMITTED"}}
{"Header":{"Type":"TXN","Ver":"2.0"},"Instruction":{"Header":{"Time":"2016-02-15T15:06:42.214+0500","Tid":418472,"Fid":54646,"Uid":172,"Sid":1500000112315,"User":"ID:60071/MM","RealUser":"ID:60071/MM","Context":"http-merchport02"}},"Status":{"Code":"CREATED"}}
{"Header":{"Type":"TXN","Ver":"2.0"},"Instruction":{"Header":{"Time":"2016-02-15T15:06:42.240+0500","Tid":418473,"Fid":54646,"Uid":173,"Sid":1500000112066,"User":"ID:FinancialTransactionService/SERVICE","RealUser":"ID:FinancialTransactionService/SERVICE","Records":2,"Context":"internal"}},"Status":{"Code":"COMMITTED"}}
{"Header":{"Type":"TXN","Ver":"2.0"},"Instruction":{"Header":{"Time":"2016-02-15T15:06:52.482+0500","Tid":418481,"Fid":54647,"Uid":174,"Sid":1500000112315,"User":"ID:60071/MM","RealUser":"ID:60071/MM","Context":"http-merchport02"}},"Status":{"Code":"CREATED"}}
{"Header":{"Type":"TXN","Ver":"2.0"},"Instruction":{"Header":{"Time":"2016-02-15T15:06:52.555+0500","Tid":418482,"Fid":54647,"Uid":175,"Sid":1500000112066,"User":"ID:FinancialTransactionService/SERVICE","RealUser":"ID:FinancialTransactionService/SERVICE","Records":2,"Context":"internal"}},"Status":{"Code":"COMMITTED"}}
{"Header":{"Type":"TXN","Ver":"2.0"},"Instruction":{"Header":{"Time":"2016-02-15T15:07:24.615+0500","Tid":418485,"Fid":54648,"Uid":176,"Sid":1500000112321,"User":"ID:60148/MM","RealUser":"ID:60148/MM","Context":"http-merchport02"}},"Status":{"Code":"CREATED"}}
{"Header":{"Type":"TXN","Ver":"2.0"},"Instruction":{"Header":{"Time":"2016-02-15T15:07:24.641+0500","Tid":418486,"Fid":54648,"Uid":177,"Sid":1500000112066,"User":"ID:FinancialTransactionService/SERVICE","RealUser":"ID:FinancialTransactionService/SERVICE","Records":2,"Context":"internal"}},"Status":{"Code":"COMMITTED"}}
{"Header":{"Type":"TXN","Ver":"2.0"},"Instruction":{"Header":{"Time":"2016-02-15T15:08:07.225+0500","Tid":418509,"Fid":54649,"Uid":178,"Sid":1500000112322,"User":"ID:60071/MM","RealUser":"ID:60071/MM","Context":"http-merchport02"}},"Status":{"Code":"CREATED"}}
{"Header":{"Type":"TXN","Ver":"2.0"},"Instruction":{"Header":{"Time":"2016-02-15T15:08:07.247+0500","Tid":418510,"Fid":54649,"Uid":179,"Sid":1500000112066,"User":"ID:FinancialTransactionService/SERVICE","RealUser":"ID:FinancialTransactionService/SERVICE","Records":2,"Context":"internal"}},"Status":{"Code":"COMMITTED"}}
{"Header":{"Type":"TXN","Ver":"2.0"},"Instruction":{"Header":{"Time":"2016-02-15T15:08:11.555+0500","Tid":418513,"Fid":54650,"Uid":180,"Sid":1500000112323,"User":"ID:60152/MM","RealUser":"ID:60152/MM","Context":"http-merchport02"}},"Status":{"Code":"CREATED"}}
{"Header":{"Type":"TXN","Ver":"2.0"},"Instruction":{"Header":{"Time":"2016-02-15T15:08:11.579+0500","Tid":418514,"Fid":54650,"Uid":181,"Sid":1500000112066,"User":"ID:FinancialTransactionService/SERVICE","RealUser":"ID:FinancialTransactionService/SERVICE","Records":2,"Context":"internal"}},"Status":{"Code":"COMMITTED"}}
{"Header":{"Type":"TXN","Ver":"2.0"},"Instruction":{"Header":{"Time":"2016-02-15T15:08:28.232+0500","Tid":418519,"Fid":54651,"Uid":182,"Sid":1500000112321,"User":"ID:60148/MM","RealUser":"ID:60148/MM","Context":"http-merchport02"}},"Status":{"Code":"CREATED"}}
{"Header":{"Type":"TXN","Ver":"2.0"},"Instruction":{"Header":{"Time":"2016-02-15T15:08:28.266+0500","Tid":418520,"Fid":54651,"Uid":183,"Sid":1500000112066,"User":"ID:FinancialTransactionService/SERVICE","RealUser":"ID:FinancialTransactionService/SERVICE","Records":2,"Context":"internal"}},"Status":{"Code":"ROLLEDBACK"}}
{"Header":{"Type":"TXN","Ver":"2.0"},"Instruction":{"Header":{"Time":"2016-02-15T15:08:28.479+0500","Tid":418521,"Fid":54652,"Uid":184,"Sid":1500000112321,"User":"ID:60148/MM","RealUser":"ID:60148/MM","Context":"http-merchport02"}},"Status":{"Code":"CREATED"}}
{"Header":{"Type":"TXN","Ver":"2.0"},"Instruction":{"Header":{"Time":"2016-02-15T15:08:28.592+0500","Tid":418522,"Fid":54652,"Uid":185,"Sid":1500000112066,"User":"ID:FinancialTransactionService/SERVICE","RealUser":"ID:FinancialTransactionService/SERVICE","Records":2,"Context":"internal"}},"Status":{"Code":"ROLLEDBACK"}}
{"Header":{"Type":"TXN","Ver":"2.0"},"Instruction":{"Header":{"Time":"2016-02-15T15:10:30.530+0500","Tid":418535,"Fid":54653,"Uid":186,"Sid":1500000112327,"User":"ID:60148/MM","RealUser":"ID:60148/MM","Context":"http-merchport02"}},"Status":{"Code":"CREATED"}}
