{"Header":{"Type":"TXN","Ver":"2.0"},"Instruction":{"Header":{"Time":"2016-02-10T10:08:45.674+0500","Tid":312220,"Fid":53590,"Uid":54,"Sid":1500000102785,"User":"ID:FinancialTransactionService/SERVICE","RealUser":"ID:FinancialTransactionService/SERVICE","Records":2,"Context":"internal"}},"Status":{"Code":"ROLLEDBACK"}}
{"Header":{"Type":"TXN","Ver":"2.0"},"Instruction":{"Header":{"Time":"2016-02-10T10:09:57.551+0500","Tid":312300,"Fid":53591,"Uid":55,"Sid":1500000103014,"User":"ID:60071/MM","RealUser":"ID:60071/MM","Context":"http-merchport02"}},"Status":{"Code":"CREATED"}}
{"Header":{"Type":"TXN","Ver":"2.0"},"Instruction":{"Header":{"Time":"2016-02-10T10:09:57.576+0500","Tid":312301,"Fid":53591,"Uid":56,"Sid":1500000102785,"User":"ID:FinancialTransactionService/SERVICE","RealUser":"ID:FinancialTransactionService/SERVICE","Records":2,"Context":"internal"}},"Status":{"Code":"COMMITTED"}}
{"Header":{"Type":"TXN","Ver":"2.0"},"Instruction":{"Header":{"Time":"2016-02-10T10:10:57.951+0500","Tid":312354,"Fid":53592,"Uid":57,"Sid":1500000103015,"User":"ID:60079/MM","RealUser":"ID:60079/MM","Context":"http-nam"}},"Status":{"Code":"CREATED"}}
{"Header":{"Type":"TXN","Ver":"2.0"},"Instruction":{"Header":{"Time":"2016-02-10T10:10:58.164+0500","Tid":312355,"Fid":53592,"Uid":58,"Sid":1500000102785,"User":"ID:FinancialTransactionService/SERVICE","RealUser":"ID:FinancialTransactionService/SERVICE","Records":2,"Context":"internal"}},"Status":{"Code":"ROLLEDBACK"}}
{"Header":{"Type":"TXN","Ver":"2.0"},"Instruction":{"Header":{"Time":"2016-02-10T10:11:47.238+0500","Tid":312359,"Fid":53593,"Uid":59,"Sid":1500000103018,"User":"ID:60079/MM","RealUser":"ID:60079/MM","Context":"http-nam"}},"Status":{"Code":"CREATED"}}
{"Header":{"Type":"TXN","Ver":"2.0"},"Instruction":{"Header":{"Time":"2016-02-10T10:11:47.451+0500","Tid":312360,"Fid":53593,"Uid":60,"Sid":1500000102785,"User":"ID:FinancialTransactionService/SERVICE","RealUser":"ID:FinancialTransactionService/SERVICE","Records":2,"Context":"internal"}},"Status":{"Code":"ROLLEDBACK"}}
{"Header":{"Type":"TXN","Ver":"2.0"},"Instruction":{"Header":{"Time":"2016-02-10T10:12:05.838+0500","Tid":312364,"Fid":53594,"Uid":61,"Sid":1500000103021,"User":"ID:60079/MM","RealUser":"ID:60079/MM","Context":"http-nam"}},"Status":{"Code":"CREATED"}}
{"Header":{"Type":"TXN","Ver":"2.0"},"Instruction":{"Header":{"Time":"2016-02-10T10:12:06.037+0500","Tid":312365,"Fid":53594,"Uid":62,"Sid":1500000102785,"User":"ID:FinancialTransactionService/SERVICE","RealUser":"ID:FinancialTransactionService/SERVICE","Records":2,"Context":"internal"}},"Status":{"Code":"COMMITTED"}}
{"Header":{"Type":"TXN","Ver":"2.0"},"Instruction":{"Header":{"Time":"2016-02-10T10:13:15.980+0500","Tid":312369,"Fid":53595,"Uid":63,"Sid":1500000103024,"User":"ID:60079/MM","RealUser":"ID:60079/MM","Context":"http-nam"}},"Status":{"Code":"CREATED"}}
{"Header":{"Type":"TXN","Ver":"2.0"},"Instruction":{"Header":{"Time":"2016-02-10T10:13:16.251+0500","Tid":312370,"Fid":53595,"Uid":64,"Sid":1500000102785,"User":"ID:FinancialTransactionService/SERVICE","RealUser":"ID:FinancialTransactionService/SERVICE","Records":2,"Context":"internal"}},"Status":{"Code":"COMMITTED"}}
{"Header":{"Type":"TXN","Ver":"2.0"},"Instruction":{"Header":{"Time":"2016-02-10T10:14:22.327+0500","Tid":312374,"Fid":53596,"Uid":65,"Sid":1500000103027,"User":"ID:60079/MM","RealUser":"ID:60079/MM","Context":"http-nam"}},"Status":{"Code":"CREATED"}}
{"Header":{"Type":"TXN","Ver":"2.0"},"Instruction":{"Header":{"Time":"2016-02-10T10:14:22.520+0500","Tid":312375,"Fid":53596,"Uid":66,"Sid":1500000102785,"User":"ID:FinancialTransactionService/SERVICE","RealUser":"ID:FinancialTransactionService/SERVICE","Records":2,"Context":"internal"}},"Status":{"Code":"ROLLEDBACK"}}
{"Header":{"Type":"TXN","Ver":"2.0"},"Instruction":{"Header":{"Time":"2016-02-10T10:18:41.092+0500","Tid":312436,"Fid":53597,"Uid":67,"Sid":1500000103034,"User":"ID:60148/MM","RealUser":"ID:60148/MM","Context":"http-merchport02"}},"Status":{"Code":"CREATED"}}
{"Header":{"Type":"TXN","Ver":"2.0"},"Instruction":{"Header":{"Time":"2016-02-10T10:18:41.118+0500","Tid":312437,"Fid":53597,"Uid":68,"Sid":1500000102785,"User":"ID:FinancialTransactionService/SERVICE","RealUser":"ID:FinancialTransactionService/SERVICE","Records":2,"Context":"internal"}},"Status":{"Code":"COMMITTED"}}
{"Header":{"Type":"TXN","Ver":"2.0"},"Instruction":{"Header":{"Time":"2016-02-10T10:19:57.003+0500","Tid":312446,"Fid":53598,"Uid":69,"Sid":1500000103039,"User":"ID:60071/MM","RealUser":"ID:60071/MM","Context":"http-merchport02"}},"Status":{"Code":"CREATED"}}
{"Header":{"Type":"TXN","Ver":"2.0"},"Instruction":{"Header":{"Time":"2016-02-10T10:19:57.046+0500","Tid":312447,"Fid":53598,"Uid":70,"Sid":1500000102785,"User":"ID:FinancialTransactionService/SERVICE","RealUser":"ID:FinancialTransactionService/SERVICE","Records":2,"Context":"internal"}},"Status":{"Code":"COMMITTED"}}
{"Header":{"Type":"TXN","Ver":"2.0"},"Instruction":{"Header":{"Time":"2016-02-10T10:20:56.884+0500","Tid":312451,"Fid":53599,"Uid":71,"Sid":1500000103042,"User":"ID:60355/MM","RealUser":"ID:60355/MM","Context":"http-pointofsale"}},"Status":{"Code":"CREATED"}}
{"Header":{"Type":"TXN","Ver":"2.0"},"Instruction":{"Header":{"Time":"2016-02-10T10:20:56.914+0500","Tid":312452,"Fid":53599,"Uid":72,"Sid":1500000102785,"User":"ID:FinancialTransactionService/SERVICE","RealUser":"ID:FinancialTransactionService/SERVICE","Records":2,"Context":"internal"}},"Status":{"Code":"COMMITTED"}}
{"Header":{"Type":"TXN","Ver":"2.0"},"Instruction":{"Header":{"Time":"2016-02-10T10:22:50.561+0500","Tid":312459,"Fid":53600,"Uid":73,"Sid":1500000103034,"User":"ID:60148/MM","RealUser":"ID:60148/MM","Context":"http-merchport02"}},"Status":{"Code":"CREATED"}}
{"Header":{"Type":"TXN","Ver":"2.0"},"Instruction":{"Header":{"Time":"2016-02-10T10:22:50.770+0500","Tid":312460,"Fid":53600,"Uid":74,"Sid":1500000102785,"User":"ID:FinancialTransactionService/SERVICE","RealUser":"ID:FinancialTransactionService/SERVICE","Records":2,"Context":"internal"}},"Status":{"Code":"COMMITTED"}}
{"Header":{"Type":"TXN","Ver":"2.0"},"Instruction":{"Header":{"Time":"2016-02-10T10:22:51.059+0500","Tid":312461,"Fid":53601,"Uid":75,"Sid":1500000103034,"User":"ID:60148/MM","RealUser":"ID:60148/MM","Context":"http-merchport02"}},"Status":{"Code":"CREATED"}}
{"Header":{"Type":"QUOTE","Ver":"2.0"},"Instruction":{"Header":{"Type":"PAYMENT","Time":"2016-02-10T10:22:51.059+0500","Tid":312461,"Fid":53601,"Uid":76,"Sid":1500000103034,"User":"ID:60148/MM","RealUser":"ID:60148/MM","Context":"http-merchport02","ProviderCategory":"UBP"},"Amount":500.00,"Cc":"PKR","From":{"Fri":"FRI:merchant5/USER","OffNet":false},"To":{"Fri":"FRI:01151110001900@mepco.sp/SP","OffNet":false}},"Status":{"Code":"FAILED","Msg":"AUTHORIZATION_SENDER_ACCOUNT_NOT_ACTIVE Authorization failed. Sending account not active"}}
{"Header":{"Type":"TXN","Ver":"2.0"},"Instruction":{"Header":{"Time":"2016-02-10T10:26:56.225+0500","Tid":312630,"Fid":53602,"Uid":77,"Sid":1500000103063,"User":"ID:60629/MM","RealUser":"ID:60629/MM","Context":"http-pointofsale"}},"Status":{"Code":"CREATED"}}
