{"Header":{"Type":"TXN","Ver":"2.0"},"Instruction":{"Header":{"Time":"2016-02-15T13:10:12.448+0500","Tid":415735,"Fid":54553,"Uid":1,"Sid":1500000112008,"User":"ID:60071/MM","RealUser":"ID:60071/MM","Context":"http-merchport02"}},"Status":{"Code":"CREATED"}}
{"Header":{"Type":"TXN","Ver":"2.0"},"Instruction":{"Header":{"Time":"2016-02-15T13:10:18.590+0500","Tid":415739,"Fid":54553,"Uid":2,"Sid":1500000111977,"User":"ID:FinancialTransactionService/SERVICE","RealUser":"ID:FinancialTransactionService/SERVICE","Records":2,"Context":"internal"}},"Status":{"Code":"COMMITTED"}}
{"Header":{"Type":"TXN","Ver":"2.0"},"Instruction":{"Header":{"Time":"2016-02-15T13:12:03.337+0500","Tid":415807,"Fid":54554,"Uid":3,"Sid":1500000112020,"User":"ID:60071/MM","RealUser":"ID:60071/MM","Context":"http-merchport02"}},"Status":{"Code":"CREATED"}}
{"Header":{"Type":"TXN","Ver":"2.0"},"Instruction":{"Header":{"Time":"2016-02-15T13:12:03.382+0500","Tid":415808,"Fid":54554,"Uid":4,"Sid":1500000111977,"User":"ID:FinancialTransactionService/SERVICE","RealUser":"ID:FinancialTransactionService/SERVICE","Records":2,"Context":"internal"}},"Status":{"Code":"COMMITTED"}}
{"Header":{"Type":"TXN","Ver":"2.0"},"Instruction":{"Header":{"Time":"2016-02-15T13:12:38.168+0500","Tid":415814,"Fid":54555,"Uid":5,"Sid":1500000112027,"User":"ID:60071/MM","RealUser":"ID:60071/MM","Context":"http-merchport02"}},"Status":{"Code":"CREATED"}}
{"Header":{"Type":"TXN","Ver":"2.0"},"Instruction":{"Header":{"Time":"2016-02-15T13:12:38.199+0500","Tid":415815,"Fid":54555,"Uid":6,"Sid":1500000111977,"User":"ID:FinancialTransactionService/SERVICE","RealUser":"ID:FinancialTransactionService/SERVICE","Records":2,"Context":"internal"}},"Status":{"Code":"COMMITTED"}}
{"Header":{"Type":"TXN","Ver":"2.0"},"Instruction":{"Header":{"Time":"2016-02-15T13:12:59.393+0500","Tid":415817,"Fid":54556,"Uid":7,"Sid":1500000112027,"User":"ID:60071/MM","RealUser":"ID:60071/MM","Context":"http-merchport02"}},"Status":{"Code":"CREATED"}}
{"Header":{"Type":"TXN","Ver":"2.0"},"Instruction":{"Header":{"Time":"2016-02-15T13:13:05.498+0500","Tid":415821,"Fid":54556,"Uid":8,"Sid":1500000111977,"User":"ID:FinancialTransactionService/SERVICE","RealUser":"ID:FinancialTransactionService/SERVICE","Records":2,"Context":"internal"}},"Status":{"Code":"ROLLEDBACK"}}
{"Header":{"Type":"TXN","Ver":"2.0"},"Instruction":{"Header":{"Time":"2016-02-15T13:14:13.947+0500","Tid":415831,"Fid":54557,"Uid":9,"Sid":1500000112037,"User":"ID:60152/MM","RealUser":"ID:60152/MM","Context":"http-merchport02"}},"Status":{"Code":"CREATED"}}
{"Header":{"Type":"TXN","Ver":"2.0"},"Instruction":{"Header":{"Time":"2016-02-15T13:14:14.071+0500","Tid":415832,"Fid":54557,"Uid":10,"Sid":1500000111977,"User":"ID:FinancialTransactionService/SERVICE","RealUser":"ID:FinancialTransactionService/SERVICE","Records":2,"Context":"internal"}},"Status":{"Code":"COMMITTED"}}
{"Header":{"Type":"TXN","Ver":"2.0"},"Instruction":{"Header":{"Time":"2016-02-15T13:15:22.990+0500","Tid":415845,"Fid":54558,"Uid":11,"Sid":1500000112027,"User":"ID:60071/MM","RealUser":"ID:60071/MM","Context":"http-merchport02"}},"Status":{"Code":"CREATED"}}
{"Header":{"Type":"TXN","Ver":"2.0"},"Instruction":{"Header":{"Time":"2016-02-15T13:15:23.083+0500","Tid":415846,"Fid":54558,"Uid":12,"Sid":1500000111977,"User":"ID:FinancialTransactionService/SERVICE","RealUser":"ID:FinancialTransactionService/SERVICE","Records":2,"Context":"internal"}},"Status":{"Code":"ROLLEDBACK"}}
{"Header":{"Type":"TXN","Ver":"2.0"},"Instruction":{"Header":{"Time":"2016-02-15T13:15:33.596+0500","Tid":415850,"Fid":54559,"Uid":13,"Sid":1500000112027,"User":"ID:60071/MM","RealUser":"ID:60071/MM","Context":"http-merchport02"}},"Status":{"Code":"CREATED"}}
{"Header":{"Type":"TXN","Ver":"2.0"},"Instruction":{"Header":{"Time":"2016-02-15T13:15:33.644+0500","Tid":415851,"Fid":54559,"Uid":14,"Sid":1500000111977,"User":"ID:FinancialTransactionService/SERVICE","RealUser":"ID:FinancialTransactionService/SERVICE","Records":2,"Context":"internal"}},"Status":{"Code":"ROLLEDBACK"}}
{"Header":{"Type":"TXN","Ver":"2.0"},"Instruction":{"Header":{"Time":"2016-02-15T13:15:37.651+0500","Tid":415852,"Fid":54560,"Uid":15,"Sid":1500000112027,"User":"ID:60071/MM","RealUser":"ID:60071/MM","Context":"http-merchport02"}},"Status":{"Code":"CREATED"}}
{"Header":{"Type":"TXN","Ver":"2.0"},"Instruction":{"Header":{"Time":"2016-02-15T13:15:37.699+0500","Tid":415853,"Fid":54560,"Uid":16,"Sid":1500000111977,"User":"ID:FinancialTransactionService/SERVICE","RealUser":"ID:FinancialTransactionService/SERVICE","Records":2,"Context":"internal"}},"Status":{"Code":"ROLLEDBACK"}}
{"Header":{"Type":"TXN","Ver":"2.0"},"Instruction":{"Header":{"Time":"2016-02-15T13:15:38.814+0500","Tid":415854,"Fid":54561,"Uid":17,"Sid":1500000112027,"User":"ID:60071/MM","RealUser":"ID:60071/MM","Context":"http-merchport02"}},"Status":{"Code":"CREATED"}}
{"Header":{"Type":"TXN","Ver":"2.0"},"Instruction":{"Header":{"Time":"2016-02-15T13:15:38.859+0500","Tid":415855,"Fid":54561,"Uid":18,"Sid":1500000111977,"User":"ID:FinancialTransactionService/SERVICE","RealUser":"ID:FinancialTransactionService/SERVICE","Records":2,"Context":"internal"}},"Status":{"Code":"ROLLEDBACK"}}
{"Header":{"Type":"TXN","Ver":"2.0"},"Instruction":{"Header":{"Time":"2016-02-15T13:15:39.086+0500","Tid":415856,"Fid":54562,"Uid":19,"Sid":1500000112027,"User":"ID:60071/MM","RealUser":"ID:60071/MM","Context":"http-merchport02"}},"Status":{"Code":"CREATED"}}
{"Header":{"Type":"TXN","Ver":"2.0"},"Instruction":{"Header":{"Time":"2016-02-15T13:15:39.128+0500","Tid":415857,"Fid":54562,"Uid":20,"Sid":1500000111977,"User":"ID:FinancialTransactionService/SERVICE","RealUser":"ID:FinancialTransactionService/SERVICE","Records":2,"Context":"internal"}},"Status":{"Code":"ROLLEDBACK"}}
{"Header":{"Type":"TXN","Ver":"2.0"},"Instruction":{"Header":{"Time":"2016-02-15T13:15:39.315+0500","Tid":415858,"Fid":54563,"Uid":21,"Sid":1500000112027,"User":"ID:60071/MM","RealUser":"ID:60071/MM","Context":"http-merchport02"}},"Status":{"Code":"CREATED"}}
{"Header":{"Type":"TXN","Ver":"2.0"},"Instruction":{"Header":{"Time":"2016-02-15T13:15:39.352+0500","Tid":415859,"Fid":54563,"Uid":22,"Sid":1500000111977,"User":"ID:FinancialTransactionService/SERVICE","RealUser":"ID:FinancialTransactionService/SERVICE","Records":2,"Context":"internal"}},"Status":{"Code":"ROLLEDBACK"}}
{"Header":{"Type":"TXN","Ver":"2.0"},"Instruction":{"Header":{"Time":"2016-02-15T13:15:39.547+0500","Tid":415860,"Fid":54564,"Uid":23,"Sid":1500000112027,"User":"ID:60071/MM","RealUser":"ID:60071/MM","Context":"http-merchport02"}},"Status":{"Code":"CREATED"}}
{"Header":{"Type":"TXN","Ver":"2.0"},"Instruction":{"Header":{"Time":"2016-02-15T13:15:39.583+0500","Tid":415861,"Fid":54564,"Uid":24,"Sid":1500000111977,"User":"ID:FinancialTransactionService/SERVICE","RealUser":"ID:FinancialTransactionService/SERVICE","Records":2,"Context":"internal"}},"Status":{"Code":"ROLLEDBACK"}}
{"Header":{"Type":"TXN","Ver":"2.0"},"Instruction":{"Header":{"Time":"2016-02-15T13:20:14.331+0500","Tid":416084,"Fid":54565,"Uid":25,"Sid":1500000112027,"User":"ID:60071/MM","RealUser":"ID:60071/MM","Context":"http-merchport02"}},"Status":{"Code":"CREATED"}}
{"Header":{"Type":"TXN","Ver":"2.0"},"Instruction":{"Header":{"Time":"2016-02-15T13:20:14.733+0500","Tid":416085,"Fid":54565,"Uid":26,"Sid":1500000111977,"User":"ID:FinancialTransactionService/SERVICE","RealUser":"ID:FinancialTransactionService/SERVICE","Records":2,"Context":"internal"}},"Status":{"Code":"COMMITTED"}}
{"Header":{"Type":"TXN","Ver":"2.0"},"Instruction":{"Header":{"Time":"2016-02-15T13:21:47.159+0500","Tid":416355,"Fid":54566,"Uid":27,"Sid":1500000112055,"User":"ID:uiqwer/ADMIN","RealUser":"ID:uiqwer/ADMIN","Context":"http-cc"}},"Status":{"Code":"CREATED"}}
{"Header":{"Type":"QUOTE","Ver":"2.0"},"Instruction":{"Header":{"Type":"LINK_PHYSICAL_CARD","Time":"2016-02-15T13:21:47.159+0500","Tid":416355,"Fid":54566,"Uid":28,"Sid":1500000112055,"User":"ID:uiqwer/ADMIN","RealUser":"ID:uiqwer/ADMIN","Context":"http-cc"},"From":{"Fri":"FRI:1050063/MM","OffNet":false,"Message":"dsds"},"To":{"OffNet":false}},"Status":{"Code":"FAILED","Msg":"DISCOUNT_GREATER_THAN_AMOUNT The discount cannot be greater than the amount."}}
{"Header":{"Type":"TXN","Ver":"2.0"},"Instruction":{"Header":{"Time":"2016-02-15T13:21:47.187+0500","Tid":416356,"Fid":54566,"Uid":29,"Sid":1500000111977,"User":"ID:FinancialTransactionService/SERVICE","RealUser":"ID:FinancialTransactionService/SERVICE","Records":3,"Context":"internal"}},"Status":{"Code":"ROLLEDBACK"}}
{"Header":{"Type":"TXN","Ver":"2.0"},"Instruction":{"Header":{"Time":"2016-02-15T13:23:44.316+0500","Tid":416441,"Fid":54567,"Uid":30,"Sid":1500000112060,"User":"ID:60071/MM","RealUser":"ID:60071/MM","Context":"http-merchport02"}},"Status":{"Code":"CREATED"}}
